pg_dump: последний системный OID: 16383
pg_dump: чтение расширений
pg_dump: выявление членов расширений
pg_dump: чтение схем
pg_dump: чтение пользовательских таблиц
pg_dump: чтение пользовательских функций
pg_dump: чтение пользовательских типов
pg_dump: чтение процедурных языков
pg_dump: чтение пользовательских агрегатных функций
pg_dump: чтение пользовательских операторов
pg_dump: чтение пользовательских методов доступа
pg_dump: чтение пользовательских классов операторов
pg_dump: чтение пользовательских семейств операторов
pg_dump: чтение пользовательских анализаторов текстового поиска
pg_dump: чтение пользовательских шаблонов текстового поиска
pg_dump: чтение пользовательских словарей текстового поиска
pg_dump: чтение пользовательских конфигураций текстового поиска
pg_dump: чтение пользовательских оболочек сторонних данных
pg_dump: чтение пользовательских сторонних серверов
pg_dump: чтение прав по умолчанию
pg_dump: чтение пользовательских правил сортировки
pg_dump: чтение пользовательских преобразований
pg_dump: чтение приведений типов
pg_dump: чтение преобразований
pg_dump: чтение информации о наследовании таблиц
pg_dump: чтение событийных триггеров
pg_dump: поиск таблиц расширений
pg_dump: поиск связей наследования
pg_dump: чтение информации о столбцах интересующих таблиц
pg_dump: поиск столбцов и типов таблицы "public.pg_stat_statements"
pg_dump: поиск столбцов и типов таблицы "public._asteriskcalls"
pg_dump: поиск выражений по умолчанию для таблицы "public._asteriskcalls"
pg_dump: поиск столбцов и типов таблицы "public._binance"
pg_dump: поиск выражений по умолчанию для таблицы "public._binance"
pg_dump: поиск столбцов и типов таблицы "public._blockedrecord"
pg_dump: поиск выражений по умолчанию для таблицы "public._blockedrecord"
pg_dump: поиск столбцов и типов таблицы "public._calendar"
pg_dump: поиск выражений по умолчанию для таблицы "public._calendar"
pg_dump: поиск столбцов и типов таблицы "public._colorrecord"
pg_dump: поиск выражений по умолчанию для таблицы "public._colorrecord"
pg_dump: поиск столбцов и типов таблицы "public._columnsize"
pg_dump: поиск выражений по умолчанию для таблицы "public._columnsize"
pg_dump: поиск столбцов и типов таблицы "public._currency"
pg_dump: поиск выражений по умолчанию для таблицы "public._currency"
pg_dump: поиск столбцов и типов таблицы "public._discussion"
pg_dump: поиск выражений по умолчанию для таблицы "public._discussion"
pg_dump: поиск столбцов и типов таблицы "public._dispositiontype"
pg_dump: поиск выражений по умолчанию для таблицы "public._dispositiontype"
pg_dump: поиск столбцов и типов таблицы "public._favorites"
pg_dump: поиск выражений по умолчанию для таблицы "public._favorites"
pg_dump: поиск столбцов и типов таблицы "public._fias_as_addr_obj"
pg_dump: поиск выражений по умолчанию для таблицы "public._fias_as_addr_obj"
pg_dump: поиск столбцов и типов таблицы "public._fias_as_addr_obj_types"
pg_dump: поиск выражений по умолчанию для таблицы "public._fias_as_addr_obj_types"
pg_dump: поиск столбцов и типов таблицы "public._fias_as_adm_hierarchy"
pg_dump: поиск выражений по умолчанию для таблицы "public._fias_as_adm_hierarchy"
pg_dump: поиск столбцов и типов таблицы "public._fias_as_apartment_types"
pg_dump: поиск выражений по умолчанию для таблицы "public._fias_as_apartment_types"
pg_dump: поиск столбцов и типов таблицы "public._fias_as_apartments"
pg_dump: поиск выражений по умолчанию для таблицы "public._fias_as_apartments"
pg_dump: поиск столбцов и типов таблицы "public._fias_as_house_types"
pg_dump: поиск выражений по умолчанию для таблицы "public._fias_as_house_types"
pg_dump: поиск столбцов и типов таблицы "public._fias_as_houses"
pg_dump: поиск выражений по умолчанию для таблицы "public._fias_as_houses"
pg_dump: поиск столбцов и типов таблицы "public._fias_as_object_levels"
pg_dump: поиск выражений по умолчанию для таблицы "public._fias_as_object_levels"
pg_dump: поиск столбцов и типов таблицы "public._groupaccessspecial"
pg_dump: поиск выражений по умолчанию для таблицы "public._groupaccessspecial"
pg_dump: поиск столбцов и типов таблицы "public._groupaccessspecialtype"
pg_dump: поиск выражений по умолчанию для таблицы "public._groupaccessspecialtype"
pg_dump: поиск столбцов и типов таблицы "public._groupaccesssubsystem"
pg_dump: поиск выражений по умолчанию для таблицы "public._groupaccesssubsystem"
pg_dump: поиск столбцов и типов таблицы "public._groupaccesstable"
pg_dump: поиск выражений по умолчанию для таблицы "public._groupaccesstable"
pg_dump: поиск столбцов и типов таблицы "public._groupaccesstabletype"
pg_dump: поиск выражений по умолчанию для таблицы "public._groupaccesstabletype"
pg_dump: поиск столбцов и типов таблицы "public._internaldirectories"
pg_dump: поиск выражений по умолчанию для таблицы "public._internaldirectories"
pg_dump: поиск столбцов и типов таблицы "public._lockhistoryip"
pg_dump: поиск выражений по умолчанию для таблицы "public._lockhistoryip"
pg_dump: поиск столбцов и типов таблицы "public._lockhistorytype"
pg_dump: поиск выражений по умолчанию для таблицы "public._lockhistorytype"
pg_dump: поиск столбцов и типов таблицы "public._mail"
pg_dump: поиск выражений по умолчанию для таблицы "public._mail"
pg_dump: поиск столбцов и типов таблицы "public._mailcolortype"
pg_dump: поиск выражений по умолчанию для таблицы "public._mailcolortype"
pg_dump: поиск столбцов и типов таблицы "public._mailfile"
pg_dump: поиск выражений по умолчанию для таблицы "public._mailfile"
pg_dump: поиск столбцов и типов таблицы "public._mailseverity"
pg_dump: поиск выражений по умолчанию для таблицы "public._mailseverity"
pg_dump: поиск столбцов и типов таблицы "public._memorywatcher"
pg_dump: поиск выражений по умолчанию для таблицы "public._memorywatcher"
pg_dump: поиск столбцов и типов таблицы "public._noteobject"
pg_dump: поиск выражений по умолчанию для таблицы "public._noteobject"
pg_dump: поиск столбцов и типов таблицы "public._notify"
pg_dump: поиск выражений по умолчанию для таблицы "public._notify"
pg_dump: поиск столбцов и типов таблицы "public._paragraphs"
pg_dump: поиск выражений по умолчанию для таблицы "public._paragraphs"
pg_dump: поиск столбцов и типов таблицы "public._protocol"
pg_dump: поиск выражений по умолчанию для таблицы "public._protocol"
pg_dump: поиск столбцов и типов таблицы "public._protocoltype"
pg_dump: поиск выражений по умолчанию для таблицы "public._protocoltype"
pg_dump: поиск столбцов и типов таблицы "public._refusal"
pg_dump: поиск выражений по умолчанию для таблицы "public._refusal"
pg_dump: поиск столбцов и типов таблицы "public._settings"
pg_dump: поиск выражений по умолчанию для таблицы "public._settings"
pg_dump: поиск столбцов и типов таблицы "public._settingsdatabasegroup"
pg_dump: поиск выражений по умолчанию для таблицы "public._settingsdatabasegroup"
pg_dump: поиск столбцов и типов таблицы "public._settingsdatabaseitem"
pg_dump: поиск выражений по умолчанию для таблицы "public._settingsdatabaseitem"
pg_dump: поиск столбцов и типов таблицы "public._settingsdb"
pg_dump: поиск выражений по умолчанию для таблицы "public._settingsdb"
pg_dump: поиск столбцов и типов таблицы "public._settingsgroup"
pg_dump: поиск выражений по умолчанию для таблицы "public._settingsgroup"
pg_dump: поиск столбцов и типов таблицы "public._sortingtables"
pg_dump: поиск выражений по умолчанию для таблицы "public._sortingtables"
pg_dump: поиск столбцов и типов таблицы "public._storagefiles"
pg_dump: поиск выражений по умолчанию для таблицы "public._storagefiles"
pg_dump: поиск столбцов и типов таблицы "public._storagefilesdir"
pg_dump: поиск выражений по умолчанию для таблицы "public._storagefilesdir"
pg_dump: поиск столбцов и типов таблицы "public._subscribetable"
pg_dump: поиск выражений по умолчанию для таблицы "public._subscribetable"
pg_dump: поиск столбцов и типов таблицы "public._subscribetabletype"
pg_dump: поиск выражений по умолчанию для таблицы "public._subscribetabletype"
pg_dump: поиск столбцов и типов таблицы "public._subsystems"
pg_dump: поиск выражений по умолчанию для таблицы "public._subsystems"
pg_dump: поиск столбцов и типов таблицы "public._systems"
pg_dump: поиск выражений по умолчанию для таблицы "public._systems"
pg_dump: поиск столбцов и типов таблицы "public._task"
pg_dump: поиск выражений по умолчанию для таблицы "public._task"
pg_dump: поиск столбцов и типов таблицы "public._taskchecklist"
pg_dump: поиск выражений по умолчанию для таблицы "public._taskchecklist"
pg_dump: поиск столбцов и типов таблицы "public._taskcomment"
pg_dump: поиск выражений по умолчанию для таблицы "public._taskcomment"
pg_dump: поиск столбцов и типов таблицы "public._taskfile"
pg_dump: поиск выражений по умолчанию для таблицы "public._taskfile"
pg_dump: поиск столбцов и типов таблицы "public._tasklink"
pg_dump: поиск выражений по умолчанию для таблицы "public._tasklink"
pg_dump: поиск столбцов и типов таблицы "public._taskpriority"
pg_dump: поиск выражений по умолчанию для таблицы "public._taskpriority"
pg_dump: поиск столбцов и типов таблицы "public._taskspace"
pg_dump: поиск выражений по умолчанию для таблицы "public._taskspace"
pg_dump: поиск столбцов и типов таблицы "public._taskstatus"
pg_dump: поиск выражений по умолчанию для таблицы "public._taskstatus"
pg_dump: поиск столбцов и типов таблицы "public._taskstatushistory"
pg_dump: поиск выражений по умолчанию для таблицы "public._taskstatushistory"
pg_dump: поиск столбцов и типов таблицы "public._tasktype"
pg_dump: поиск выражений по умолчанию для таблицы "public._tasktype"
pg_dump: поиск столбцов и типов таблицы "public._tcpmessagetype"
pg_dump: поиск выражений по умолчанию для таблицы "public._tcpmessagetype"
pg_dump: поиск столбцов и типов таблицы "public._test"
pg_dump: поиск выражений по умолчанию для таблицы "public._test"
pg_dump: поиск столбцов и типов таблицы "public._userfiltertable"
pg_dump: поиск выражений по умолчанию для таблицы "public._userfiltertable"
pg_dump: поиск столбцов и типов таблицы "public._usergroup"
pg_dump: поиск выражений по умолчанию для таблицы "public._usergroup"
pg_dump: поиск столбцов и типов таблицы "public._users"
pg_dump: поиск выражений по умолчанию для таблицы "public._users"
pg_dump: поиск столбцов и типов таблицы "public._usersettings"
pg_dump: поиск выражений по умолчанию для таблицы "public._usersettings"
pg_dump: поиск столбцов и типов таблицы "public.bank"
pg_dump: поиск выражений по умолчанию для таблицы "public.bank"
pg_dump: поиск столбцов и типов таблицы "public.car"
pg_dump: поиск выражений по умолчанию для таблицы "public.car"
pg_dump: поиск столбцов и типов таблицы "public.carexpenses"
pg_dump: поиск выражений по умолчанию для таблицы "public.carexpenses"
pg_dump: поиск столбцов и типов таблицы "public.coefficient"
pg_dump: поиск выражений по умолчанию для таблицы "public.coefficient"
pg_dump: поиск столбцов и типов таблицы "public.coming"
pg_dump: поиск выражений по умолчанию для таблицы "public.coming"
pg_dump: поиск столбцов и типов таблицы "public.consumption"
pg_dump: поиск выражений по умолчанию для таблицы "public.consumption"
pg_dump: поиск столбцов и типов таблицы "public.consumptiondebit"
pg_dump: поиск выражений по умолчанию для таблицы "public.consumptiondebit"
pg_dump: поиск столбцов и типов таблицы "public.counterparty"
pg_dump: поиск выражений по умолчанию для таблицы "public.counterparty"
pg_dump: поиск столбцов и типов таблицы "public.counterpartyenrollment"
pg_dump: поиск выражений по умолчанию для таблицы "public.counterpartyenrollment"
pg_dump: поиск столбцов и типов таблицы "public.counterpartystatus"
pg_dump: поиск выражений по умолчанию для таблицы "public.counterpartystatus"
pg_dump: поиск столбцов и типов таблицы "public.counterpartytype"
pg_dump: поиск выражений по умолчанию для таблицы "public.counterpartytype"
pg_dump: поиск столбцов и типов таблицы "public.debet1"
pg_dump: поиск выражений по умолчанию для таблицы "public.debet1"
pg_dump: поиск столбцов и типов таблицы "public.debet2"
pg_dump: поиск выражений по умолчанию для таблицы "public.debet2"
pg_dump: поиск столбцов и типов таблицы "public.debet3"
pg_dump: поиск выражений по умолчанию для таблицы "public.debet3"
pg_dump: поиск столбцов и типов таблицы "public.debet4"
pg_dump: поиск выражений по умолчанию для таблицы "public.debet4"
pg_dump: поиск столбцов и типов таблицы "public.debet5"
pg_dump: поиск выражений по умолчанию для таблицы "public.debet5"
pg_dump: поиск столбцов и типов таблицы "public.debettype"
pg_dump: поиск выражений по умолчанию для таблицы "public.debettype"
pg_dump: поиск столбцов и типов таблицы "public.distribution"
pg_dump: поиск выражений по умолчанию для таблицы "public.distribution"
pg_dump: поиск столбцов и типов таблицы "public.driver"
pg_dump: поиск выражений по умолчанию для таблицы "public.driver"
pg_dump: поиск столбцов и типов таблицы "public.driveradvance"
pg_dump: поиск выражений по умолчанию для таблицы "public.driveradvance"
pg_dump: поиск столбцов и типов таблицы "public.drivercost"
pg_dump: поиск выражений по умолчанию для таблицы "public.drivercost"
pg_dump: поиск столбцов и типов таблицы "public.drivercostdetail"
pg_dump: поиск выражений по умолчанию для таблицы "public.drivercostdetail"
pg_dump: поиск столбцов и типов таблицы "public.driverservice"
pg_dump: поиск выражений по умолчанию для таблицы "public.driverservice"
pg_dump: поиск столбцов и типов таблицы "public.drivertype"
pg_dump: поиск выражений по умолчанию для таблицы "public.drivertype"
pg_dump: поиск столбцов и типов таблицы "public.expenses"
pg_dump: поиск выражений по умолчанию для таблицы "public.expenses"
pg_dump: поиск столбцов и типов таблицы "public.expensestype"
pg_dump: поиск выражений по умолчанию для таблицы "public.expensestype"
pg_dump: поиск столбцов и типов таблицы "public.gasstationstatement"
pg_dump: поиск выражений по умолчанию для таблицы "public.gasstationstatement"
pg_dump: поиск столбцов и типов таблицы "public.implementation"
pg_dump: поиск выражений по умолчанию для таблицы "public.implementation"
pg_dump: поиск столбцов и типов таблицы "public.implementationload"
pg_dump: поиск выражений по умолчанию для таблицы "public.implementationload"
pg_dump: поиск столбцов и типов таблицы "public.implementationunload"
pg_dump: поиск выражений по умолчанию для таблицы "public.implementationunload"
pg_dump: поиск столбцов и типов таблицы "public.movewagon"
pg_dump: поиск выражений по умолчанию для таблицы "public.movewagon"
pg_dump: поиск столбцов и типов таблицы "public.movewagondetail"
pg_dump: поиск выражений по умолчанию для таблицы "public.movewagondetail"
pg_dump: поиск столбцов и типов таблицы "public.operationtype"
pg_dump: поиск выражений по умолчанию для таблицы "public.operationtype"
pg_dump: поиск столбцов и типов таблицы "public.operator"
pg_dump: поиск выражений по умолчанию для таблицы "public.operator"
pg_dump: поиск столбцов и типов таблицы "public.paymenttype"
pg_dump: поиск выражений по умолчанию для таблицы "public.paymenttype"
pg_dump: поиск столбцов и типов таблицы "public.producttype"
pg_dump: поиск выражений по умолчанию для таблицы "public.producttype"
pg_dump: поиск столбцов и типов таблицы "public.purchases"
pg_dump: поиск выражений по умолчанию для таблицы "public.purchases"
pg_dump: поиск столбцов и типов таблицы "public.return"
pg_dump: поиск выражений по умолчанию для таблицы "public.return"
pg_dump: поиск столбцов и типов таблицы "public.stock"
pg_dump: поиск выражений по умолчанию для таблицы "public.stock"
pg_dump: поиск столбцов и типов таблицы "public.timesheet"
pg_dump: поиск выражений по умолчанию для таблицы "public.timesheet"
pg_dump: поиск столбцов и типов таблицы "public.timesheettype"
pg_dump: поиск выражений по умолчанию для таблицы "public.timesheettype"
pg_dump: поиск столбцов и типов таблицы "public._currencyhistory"
pg_dump: поиск выражений по умолчанию для таблицы "public._currencyhistory"
pg_dump: поиск столбцов и типов таблицы "public._currencymessage"
pg_dump: поиск выражений по умолчанию для таблицы "public._currencymessage"
pg_dump: поиск столбцов и типов таблицы "public.dictionary"
pg_dump: поиск столбцов и типов таблицы "public.dictionary_new"
pg_dump: пометка наследованных столбцов в подтаблицах
pg_dump: чтение индексов
pg_dump: чтение индексов таблицы "public._asteriskcalls"
pg_dump: чтение индексов таблицы "public._binance"
pg_dump: чтение индексов таблицы "public._blockedrecord"
pg_dump: чтение индексов таблицы "public._calendar"
pg_dump: чтение индексов таблицы "public._colorrecord"
pg_dump: чтение индексов таблицы "public._columnsize"
pg_dump: чтение индексов таблицы "public._currency"
pg_dump: чтение индексов таблицы "public._discussion"
pg_dump: чтение индексов таблицы "public._dispositiontype"
pg_dump: чтение индексов таблицы "public._favorites"
pg_dump: чтение индексов таблицы "public._fias_as_addr_obj"
pg_dump: чтение индексов таблицы "public._fias_as_addr_obj_types"
pg_dump: чтение индексов таблицы "public._fias_as_adm_hierarchy"
pg_dump: чтение индексов таблицы "public._fias_as_apartment_types"
pg_dump: чтение индексов таблицы "public._fias_as_apartments"
pg_dump: чтение индексов таблицы "public._fias_as_house_types"
pg_dump: чтение индексов таблицы "public._fias_as_houses"
pg_dump: чтение индексов таблицы "public._fias_as_object_levels"
pg_dump: чтение индексов таблицы "public._groupaccessspecial"
pg_dump: чтение индексов таблицы "public._groupaccessspecialtype"
pg_dump: чтение индексов таблицы "public._groupaccesssubsystem"
pg_dump: чтение индексов таблицы "public._groupaccesstable"
pg_dump: чтение индексов таблицы "public._groupaccesstabletype"
pg_dump: чтение индексов таблицы "public._internaldirectories"
pg_dump: чтение индексов таблицы "public._lockhistoryip"
pg_dump: чтение индексов таблицы "public._lockhistorytype"
pg_dump: чтение индексов таблицы "public._mail"
pg_dump: чтение индексов таблицы "public._mailcolortype"
pg_dump: чтение индексов таблицы "public._mailfile"
pg_dump: чтение индексов таблицы "public._mailseverity"
pg_dump: чтение индексов таблицы "public._memorywatcher"
pg_dump: чтение индексов таблицы "public._noteobject"
pg_dump: чтение индексов таблицы "public._notify"
pg_dump: чтение индексов таблицы "public._paragraphs"
pg_dump: чтение индексов таблицы "public._protocol"
pg_dump: чтение индексов таблицы "public._protocoltype"
pg_dump: чтение индексов таблицы "public._refusal"
pg_dump: чтение индексов таблицы "public._settings"
pg_dump: чтение индексов таблицы "public._settingsdatabasegroup"
pg_dump: чтение индексов таблицы "public._settingsdatabaseitem"
pg_dump: чтение индексов таблицы "public._settingsdb"
pg_dump: чтение индексов таблицы "public._settingsgroup"
pg_dump: чтение индексов таблицы "public._sortingtables"
pg_dump: чтение индексов таблицы "public._storagefiles"
pg_dump: чтение индексов таблицы "public._storagefilesdir"
pg_dump: чтение индексов таблицы "public._subscribetable"
pg_dump: чтение индексов таблицы "public._subscribetabletype"
pg_dump: чтение индексов таблицы "public._subsystems"
pg_dump: чтение индексов таблицы "public._systems"
pg_dump: чтение индексов таблицы "public._task"
pg_dump: чтение индексов таблицы "public._taskchecklist"
pg_dump: чтение индексов таблицы "public._taskcomment"
pg_dump: чтение индексов таблицы "public._taskfile"
pg_dump: чтение индексов таблицы "public._tasklink"
pg_dump: чтение индексов таблицы "public._taskpriority"
pg_dump: чтение индексов таблицы "public._taskspace"
pg_dump: чтение индексов таблицы "public._taskstatus"
pg_dump: чтение индексов таблицы "public._taskstatushistory"
pg_dump: чтение индексов таблицы "public._tasktype"
pg_dump: чтение индексов таблицы "public._tcpmessagetype"
pg_dump: чтение индексов таблицы "public._test"
pg_dump: чтение индексов таблицы "public._userfiltertable"
pg_dump: чтение индексов таблицы "public._usergroup"
pg_dump: чтение индексов таблицы "public._users"
pg_dump: чтение индексов таблицы "public._usersettings"
pg_dump: чтение индексов таблицы "public.bank"
pg_dump: чтение индексов таблицы "public.car"
pg_dump: чтение индексов таблицы "public.carexpenses"
pg_dump: чтение индексов таблицы "public.coefficient"
pg_dump: чтение индексов таблицы "public.coming"
pg_dump: чтение индексов таблицы "public.consumption"
pg_dump: чтение индексов таблицы "public.consumptiondebit"
pg_dump: чтение индексов таблицы "public.counterparty"
pg_dump: чтение индексов таблицы "public.counterpartyenrollment"
pg_dump: чтение индексов таблицы "public.counterpartystatus"
pg_dump: чтение индексов таблицы "public.counterpartytype"
pg_dump: чтение индексов таблицы "public.debet1"
pg_dump: чтение индексов таблицы "public.debet2"
pg_dump: чтение индексов таблицы "public.debet3"
pg_dump: чтение индексов таблицы "public.debet4"
pg_dump: чтение индексов таблицы "public.debet5"
pg_dump: чтение индексов таблицы "public.debettype"
pg_dump: чтение индексов таблицы "public.distribution"
pg_dump: чтение индексов таблицы "public.driver"
pg_dump: чтение индексов таблицы "public.driveradvance"
pg_dump: чтение индексов таблицы "public.drivercost"
pg_dump: чтение индексов таблицы "public.drivercostdetail"
pg_dump: чтение индексов таблицы "public.driverservice"
pg_dump: чтение индексов таблицы "public.drivertype"
pg_dump: чтение индексов таблицы "public.expenses"
pg_dump: чтение индексов таблицы "public.expensestype"
pg_dump: чтение индексов таблицы "public.gasstationstatement"
pg_dump: чтение индексов таблицы "public.implementation"
pg_dump: чтение индексов таблицы "public.implementationload"
pg_dump: чтение индексов таблицы "public.implementationunload"
pg_dump: чтение индексов таблицы "public.movewagon"
pg_dump: чтение индексов таблицы "public.movewagondetail"
pg_dump: чтение индексов таблицы "public.operationtype"
pg_dump: чтение индексов таблицы "public.operator"
pg_dump: чтение индексов таблицы "public.paymenttype"
pg_dump: чтение индексов таблицы "public.producttype"
pg_dump: чтение индексов таблицы "public.purchases"
pg_dump: чтение индексов таблицы "public.return"
pg_dump: чтение индексов таблицы "public.stock"
pg_dump: чтение индексов таблицы "public.timesheet"
pg_dump: чтение индексов таблицы "public.timesheettype"
pg_dump: чтение индексов таблицы "public._currencyhistory"
pg_dump: чтение индексов таблицы "public._currencymessage"
pg_dump: пометка индексов в секционированных таблицах
pg_dump: чтение расширенной статистики
pg_dump: чтение ограничений
pg_dump: чтение ограничений внешних ключей таблицы "public._asteriskcalls"
pg_dump: чтение ограничений внешних ключей таблицы "public._blockedrecord"
pg_dump: чтение ограничений внешних ключей таблицы "public._calendar"
pg_dump: чтение ограничений внешних ключей таблицы "public._colorrecord"
pg_dump: чтение ограничений внешних ключей таблицы "public._currency"
pg_dump: чтение ограничений внешних ключей таблицы "public._discussion"
pg_dump: чтение ограничений внешних ключей таблицы "public._dispositiontype"
pg_dump: чтение ограничений внешних ключей таблицы "public._favorites"
pg_dump: чтение ограничений внешних ключей таблицы "public._groupaccessspecial"
pg_dump: чтение ограничений внешних ключей таблицы "public._groupaccessspecialtype"
pg_dump: чтение ограничений внешних ключей таблицы "public._groupaccesssubsystem"
pg_dump: чтение ограничений внешних ключей таблицы "public._groupaccesstable"
pg_dump: чтение ограничений внешних ключей таблицы "public._groupaccesstabletype"
pg_dump: чтение ограничений внешних ключей таблицы "public._lockhistoryip"
pg_dump: чтение ограничений внешних ключей таблицы "public._lockhistorytype"
pg_dump: чтение ограничений внешних ключей таблицы "public._mail"
pg_dump: чтение ограничений внешних ключей таблицы "public._mailfile"
pg_dump: чтение ограничений внешних ключей таблицы "public._mailseverity"
pg_dump: чтение ограничений внешних ключей таблицы "public._memorywatcher"
pg_dump: чтение ограничений внешних ключей таблицы "public._notify"
pg_dump: чтение ограничений внешних ключей таблицы "public._protocol"
pg_dump: чтение ограничений внешних ключей таблицы "public._protocoltype"
pg_dump: чтение ограничений внешних ключей таблицы "public._refusal"
pg_dump: чтение ограничений внешних ключей таблицы "public._settings"
pg_dump: чтение ограничений внешних ключей таблицы "public._settingsdatabasegroup"
pg_dump: чтение ограничений внешних ключей таблицы "public._settingsdatabaseitem"
pg_dump: чтение ограничений внешних ключей таблицы "public._settingsgroup"
pg_dump: чтение ограничений внешних ключей таблицы "public._storagefiles"
pg_dump: чтение ограничений внешних ключей таблицы "public._storagefilesdir"
pg_dump: чтение ограничений внешних ключей таблицы "public._subscribetable"
pg_dump: чтение ограничений внешних ключей таблицы "public._subscribetabletype"
pg_dump: чтение ограничений внешних ключей таблицы "public._subsystems"
pg_dump: чтение ограничений внешних ключей таблицы "public._systems"
pg_dump: чтение ограничений внешних ключей таблицы "public._task"
pg_dump: чтение ограничений внешних ключей таблицы "public._taskchecklist"
pg_dump: чтение ограничений внешних ключей таблицы "public._taskcomment"
pg_dump: чтение ограничений внешних ключей таблицы "public._taskfile"
pg_dump: чтение ограничений внешних ключей таблицы "public._tasklink"
pg_dump: чтение ограничений внешних ключей таблицы "public._taskpriority"
pg_dump: чтение ограничений внешних ключей таблицы "public._taskspace"
pg_dump: чтение ограничений внешних ключей таблицы "public._taskstatus"
pg_dump: чтение ограничений внешних ключей таблицы "public._taskstatushistory"
pg_dump: чтение ограничений внешних ключей таблицы "public._tasktype"
pg_dump: чтение ограничений внешних ключей таблицы "public._tcpmessagetype"
pg_dump: чтение ограничений внешних ключей таблицы "public._userfiltertable"
pg_dump: чтение ограничений внешних ключей таблицы "public._usergroup"
pg_dump: чтение ограничений внешних ключей таблицы "public._users"
pg_dump: чтение ограничений внешних ключей таблицы "public._usersettings"
pg_dump: чтение ограничений внешних ключей таблицы "public.car"
pg_dump: чтение ограничений внешних ключей таблицы "public.carexpenses"
pg_dump: чтение ограничений внешних ключей таблицы "public.coming"
pg_dump: чтение ограничений внешних ключей таблицы "public.consumption"
pg_dump: чтение ограничений внешних ключей таблицы "public.consumptiondebit"
pg_dump: чтение ограничений внешних ключей таблицы "public.counterparty"
pg_dump: чтение ограничений внешних ключей таблицы "public.counterpartyenrollment"
pg_dump: чтение ограничений внешних ключей таблицы "public.counterpartystatus"
pg_dump: чтение ограничений внешних ключей таблицы "public.counterpartytype"
pg_dump: чтение ограничений внешних ключей таблицы "public.debet1"
pg_dump: чтение ограничений внешних ключей таблицы "public.debet2"
pg_dump: чтение ограничений внешних ключей таблицы "public.debet3"
pg_dump: чтение ограничений внешних ключей таблицы "public.debet4"
pg_dump: чтение ограничений внешних ключей таблицы "public.debet5"
pg_dump: чтение ограничений внешних ключей таблицы "public.debettype"
pg_dump: чтение ограничений внешних ключей таблицы "public.distribution"
pg_dump: чтение ограничений внешних ключей таблицы "public.driver"
pg_dump: чтение ограничений внешних ключей таблицы "public.driveradvance"
pg_dump: чтение ограничений внешних ключей таблицы "public.drivercost"
pg_dump: чтение ограничений внешних ключей таблицы "public.drivercostdetail"
pg_dump: чтение ограничений внешних ключей таблицы "public.driverservice"
pg_dump: чтение ограничений внешних ключей таблицы "public.drivertype"
pg_dump: чтение ограничений внешних ключей таблицы "public.expenses"
pg_dump: чтение ограничений внешних ключей таблицы "public.expensestype"
pg_dump: чтение ограничений внешних ключей таблицы "public.gasstationstatement"
pg_dump: чтение ограничений внешних ключей таблицы "public.implementation"
pg_dump: чтение ограничений внешних ключей таблицы "public.implementationload"
pg_dump: чтение ограничений внешних ключей таблицы "public.implementationunload"
pg_dump: чтение ограничений внешних ключей таблицы "public.movewagon"
pg_dump: чтение ограничений внешних ключей таблицы "public.movewagondetail"
pg_dump: чтение ограничений внешних ключей таблицы "public.operator"
pg_dump: чтение ограничений внешних ключей таблицы "public.paymenttype"
pg_dump: чтение ограничений внешних ключей таблицы "public.producttype"
pg_dump: чтение ограничений внешних ключей таблицы "public.purchases"
pg_dump: чтение ограничений внешних ключей таблицы "public.return"
pg_dump: чтение ограничений внешних ключей таблицы "public.stock"
pg_dump: чтение ограничений внешних ключей таблицы "public.timesheet"
pg_dump: чтение ограничений внешних ключей таблицы "public.timesheettype"
pg_dump: чтение триггеров
pg_dump: чтение триггеров таблицы "public._asteriskcalls"
pg_dump: чтение триггеров таблицы "public._blockedrecord"
pg_dump: чтение триггеров таблицы "public._calendar"
pg_dump: чтение триггеров таблицы "public._colorrecord"
pg_dump: чтение триггеров таблицы "public._currency"
pg_dump: чтение триггеров таблицы "public._discussion"
pg_dump: чтение триггеров таблицы "public._dispositiontype"
pg_dump: чтение триггеров таблицы "public._favorites"
pg_dump: чтение триггеров таблицы "public._groupaccessspecial"
pg_dump: чтение триггеров таблицы "public._groupaccessspecialtype"
pg_dump: чтение триггеров таблицы "public._groupaccesssubsystem"
pg_dump: чтение триггеров таблицы "public._groupaccesstable"
pg_dump: чтение триггеров таблицы "public._groupaccesstabletype"
pg_dump: чтение триггеров таблицы "public._lockhistoryip"
pg_dump: чтение триггеров таблицы "public._lockhistorytype"
pg_dump: чтение триггеров таблицы "public._mail"
pg_dump: чтение триггеров таблицы "public._mailfile"
pg_dump: чтение триггеров таблицы "public._mailseverity"
pg_dump: чтение триггеров таблицы "public._memorywatcher"
pg_dump: чтение триггеров таблицы "public._notify"
pg_dump: чтение триггеров таблицы "public._protocol"
pg_dump: чтение триггеров таблицы "public._protocoltype"
pg_dump: чтение триггеров таблицы "public._refusal"
pg_dump: чтение триггеров таблицы "public._settings"
pg_dump: чтение триггеров таблицы "public._settingsdatabasegroup"
pg_dump: чтение триггеров таблицы "public._settingsdatabaseitem"
pg_dump: чтение триггеров таблицы "public._settingsgroup"
pg_dump: чтение триггеров таблицы "public._storagefiles"
pg_dump: чтение триггеров таблицы "public._storagefilesdir"
pg_dump: чтение триггеров таблицы "public._subscribetable"
pg_dump: чтение триггеров таблицы "public._subscribetabletype"
pg_dump: чтение триггеров таблицы "public._subsystems"
pg_dump: чтение триггеров таблицы "public._systems"
pg_dump: чтение триггеров таблицы "public._task"
pg_dump: чтение триггеров таблицы "public._taskchecklist"
pg_dump: чтение триггеров таблицы "public._taskcomment"
pg_dump: чтение триггеров таблицы "public._taskfile"
pg_dump: чтение триггеров таблицы "public._tasklink"
pg_dump: чтение триггеров таблицы "public._taskpriority"
pg_dump: чтение триггеров таблицы "public._taskspace"
pg_dump: чтение триггеров таблицы "public._taskstatus"
pg_dump: чтение триггеров таблицы "public._taskstatushistory"
pg_dump: чтение триггеров таблицы "public._tasktype"
pg_dump: чтение триггеров таблицы "public._tcpmessagetype"
pg_dump: чтение триггеров таблицы "public._userfiltertable"
pg_dump: чтение триггеров таблицы "public._usergroup"
pg_dump: чтение триггеров таблицы "public._users"
pg_dump: чтение триггеров таблицы "public._usersettings"
pg_dump: чтение триггеров таблицы "public.car"
pg_dump: чтение триггеров таблицы "public.carexpenses"
pg_dump: чтение триггеров таблицы "public.coming"
pg_dump: чтение триггеров таблицы "public.consumption"
pg_dump: чтение триггеров таблицы "public.consumptiondebit"
pg_dump: чтение триггеров таблицы "public.counterparty"
pg_dump: чтение триггеров таблицы "public.counterpartyenrollment"
pg_dump: чтение триггеров таблицы "public.counterpartystatus"
pg_dump: чтение триггеров таблицы "public.counterpartytype"
pg_dump: чтение триггеров таблицы "public.debet1"
pg_dump: чтение триггеров таблицы "public.debet2"
pg_dump: чтение триггеров таблицы "public.debet3"
pg_dump: чтение триггеров таблицы "public.debet4"
pg_dump: чтение триггеров таблицы "public.debet5"
pg_dump: чтение триггеров таблицы "public.debettype"
pg_dump: чтение триггеров таблицы "public.distribution"
pg_dump: чтение триггеров таблицы "public.driver"
pg_dump: чтение триггеров таблицы "public.driveradvance"
pg_dump: чтение триггеров таблицы "public.drivercost"
pg_dump: чтение триггеров таблицы "public.drivercostdetail"
pg_dump: чтение триггеров таблицы "public.driverservice"
pg_dump: чтение триггеров таблицы "public.drivertype"
pg_dump: чтение триггеров таблицы "public.expenses"
pg_dump: чтение триггеров таблицы "public.expensestype"
pg_dump: чтение триггеров таблицы "public.gasstationstatement"
pg_dump: чтение триггеров таблицы "public.implementation"
pg_dump: чтение триггеров таблицы "public.implementationload"
pg_dump: чтение триггеров таблицы "public.implementationunload"
pg_dump: чтение триггеров таблицы "public.movewagon"
pg_dump: чтение триггеров таблицы "public.movewagondetail"
pg_dump: чтение триггеров таблицы "public.operator"
pg_dump: чтение триггеров таблицы "public.paymenttype"
pg_dump: чтение триггеров таблицы "public.producttype"
pg_dump: чтение триггеров таблицы "public.purchases"
pg_dump: чтение триггеров таблицы "public.return"
pg_dump: чтение триггеров таблицы "public.stock"
pg_dump: чтение триггеров таблицы "public.timesheet"
pg_dump: чтение триггеров таблицы "public.timesheettype"
pg_dump: чтение правил перезаписи
pg_dump: чтение политик
pg_dump: чтение политик защиты на уровне строк
pg_dump: чтение публикаций
pg_dump: чтение участников публикаций
pg_dump: чтение подписок
pg_dump: чтение больших объектов
pg_dump: чтение информации о зависимостях
pg_dump: сохранение кодировки (UTF8)
pg_dump: сохранение standard_conforming_strings (on)
pg_dump: сохранение search_path = 
pg_dump: сохранение определения базы данных

Command: pg_dump.exe --host=127.0.0.1 --port=5432 --username=postgres --format=c --compress=9 --inserts --column-inserts --role=postgres --verbose --file=C:\Shara\backup\oilsphere_db_20240426_195935.dmp oilsphere_db >> C:\Github\docker_deployment\BackuperDB.log 2>&1
Elapsed time: 19.364 msec
DMP file: C:\Shara\backup\oilsphere_db_20240426_195935.dmp
File size: 76.61 MB
===========================================================

pg_dump: последний системный OID: 16383
pg_dump: чтение расширений
pg_dump: выявление членов расширений
pg_dump: чтение схем
pg_dump: чтение пользовательских таблиц
pg_dump: чтение пользовательских функций
pg_dump: чтение пользовательских типов
pg_dump: чтение процедурных языков
pg_dump: чтение пользовательских агрегатных функций
pg_dump: чтение пользовательских операторов
pg_dump: чтение пользовательских методов доступа
pg_dump: чтение пользовательских классов операторов
pg_dump: чтение пользовательских семейств операторов
pg_dump: чтение пользовательских анализаторов текстового поиска
pg_dump: чтение пользовательских шаблонов текстового поиска
pg_dump: чтение пользовательских словарей текстового поиска
pg_dump: чтение пользовательских конфигураций текстового поиска
pg_dump: чтение пользовательских оболочек сторонних данных
pg_dump: чтение пользовательских сторонних серверов
pg_dump: чтение прав по умолчанию
pg_dump: чтение пользовательских правил сортировки
pg_dump: чтение пользовательских преобразований
pg_dump: чтение приведений типов
pg_dump: чтение преобразований
pg_dump: чтение информации о наследовании таблиц
pg_dump: чтение событийных триггеров
pg_dump: поиск таблиц расширений
pg_dump: поиск связей наследования
pg_dump: чтение информации о столбцах интересующих таблиц
pg_dump: поиск столбцов и типов таблицы "public.pg_stat_statements"
pg_dump: поиск столбцов и типов таблицы "public._asteriskcalls"
pg_dump: поиск выражений по умолчанию для таблицы "public._asteriskcalls"
pg_dump: поиск столбцов и типов таблицы "public._binance"
pg_dump: поиск выражений по умолчанию для таблицы "public._binance"
pg_dump: поиск столбцов и типов таблицы "public._blockedrecord"
pg_dump: поиск выражений по умолчанию для таблицы "public._blockedrecord"
pg_dump: поиск столбцов и типов таблицы "public._calendar"
pg_dump: поиск выражений по умолчанию для таблицы "public._calendar"
pg_dump: поиск столбцов и типов таблицы "public._colorrecord"
pg_dump: поиск выражений по умолчанию для таблицы "public._colorrecord"
pg_dump: поиск столбцов и типов таблицы "public._columnsize"
pg_dump: поиск выражений по умолчанию для таблицы "public._columnsize"
pg_dump: поиск столбцов и типов таблицы "public._currency"
pg_dump: поиск выражений по умолчанию для таблицы "public._currency"
pg_dump: поиск столбцов и типов таблицы "public._discussion"
pg_dump: поиск выражений по умолчанию для таблицы "public._discussion"
pg_dump: поиск столбцов и типов таблицы "public._dispositiontype"
pg_dump: поиск выражений по умолчанию для таблицы "public._dispositiontype"
pg_dump: поиск столбцов и типов таблицы "public._favorites"
pg_dump: поиск выражений по умолчанию для таблицы "public._favorites"
pg_dump: поиск столбцов и типов таблицы "public._fias_as_addr_obj"
pg_dump: поиск выражений по умолчанию для таблицы "public._fias_as_addr_obj"
pg_dump: поиск столбцов и типов таблицы "public._fias_as_addr_obj_types"
pg_dump: поиск выражений по умолчанию для таблицы "public._fias_as_addr_obj_types"
pg_dump: поиск столбцов и типов таблицы "public._fias_as_adm_hierarchy"
pg_dump: поиск выражений по умолчанию для таблицы "public._fias_as_adm_hierarchy"
pg_dump: поиск столбцов и типов таблицы "public._fias_as_apartment_types"
pg_dump: поиск выражений по умолчанию для таблицы "public._fias_as_apartment_types"
pg_dump: поиск столбцов и типов таблицы "public._fias_as_apartments"
pg_dump: поиск выражений по умолчанию для таблицы "public._fias_as_apartments"
pg_dump: поиск столбцов и типов таблицы "public._fias_as_house_types"
pg_dump: поиск выражений по умолчанию для таблицы "public._fias_as_house_types"
pg_dump: поиск столбцов и типов таблицы "public._fias_as_houses"
pg_dump: поиск выражений по умолчанию для таблицы "public._fias_as_houses"
pg_dump: поиск столбцов и типов таблицы "public._fias_as_object_levels"
pg_dump: поиск выражений по умолчанию для таблицы "public._fias_as_object_levels"
pg_dump: поиск столбцов и типов таблицы "public._groupaccessspecial"
pg_dump: поиск выражений по умолчанию для таблицы "public._groupaccessspecial"
pg_dump: поиск столбцов и типов таблицы "public._groupaccessspecialtype"
pg_dump: поиск выражений по умолчанию для таблицы "public._groupaccessspecialtype"
pg_dump: поиск столбцов и типов таблицы "public._groupaccesssubsystem"
pg_dump: поиск выражений по умолчанию для таблицы "public._groupaccesssubsystem"
pg_dump: поиск столбцов и типов таблицы "public._groupaccesstable"
pg_dump: поиск выражений по умолчанию для таблицы "public._groupaccesstable"
pg_dump: поиск столбцов и типов таблицы "public._groupaccesstabletype"
pg_dump: поиск выражений по умолчанию для таблицы "public._groupaccesstabletype"
pg_dump: поиск столбцов и типов таблицы "public._internaldirectories"
pg_dump: поиск выражений по умолчанию для таблицы "public._internaldirectories"
pg_dump: поиск столбцов и типов таблицы "public._lockhistoryip"
pg_dump: поиск выражений по умолчанию для таблицы "public._lockhistoryip"
pg_dump: поиск столбцов и типов таблицы "public._lockhistorytype"
pg_dump: поиск выражений по умолчанию для таблицы "public._lockhistorytype"
pg_dump: поиск столбцов и типов таблицы "public._mail"
pg_dump: поиск выражений по умолчанию для таблицы "public._mail"
pg_dump: поиск столбцов и типов таблицы "public._mailcolortype"
pg_dump: поиск выражений по умолчанию для таблицы "public._mailcolortype"
pg_dump: поиск столбцов и типов таблицы "public._mailfile"
pg_dump: поиск выражений по умолчанию для таблицы "public._mailfile"
pg_dump: поиск столбцов и типов таблицы "public._mailseverity"
pg_dump: поиск выражений по умолчанию для таблицы "public._mailseverity"
pg_dump: поиск столбцов и типов таблицы "public._memorywatcher"
pg_dump: поиск выражений по умолчанию для таблицы "public._memorywatcher"
pg_dump: поиск столбцов и типов таблицы "public._noteobject"
pg_dump: поиск выражений по умолчанию для таблицы "public._noteobject"
pg_dump: поиск столбцов и типов таблицы "public._notify"
pg_dump: поиск выражений по умолчанию для таблицы "public._notify"
pg_dump: поиск столбцов и типов таблицы "public._paragraphs"
pg_dump: поиск выражений по умолчанию для таблицы "public._paragraphs"
pg_dump: поиск столбцов и типов таблицы "public._protocol"
pg_dump: поиск выражений по умолчанию для таблицы "public._protocol"
pg_dump: поиск столбцов и типов таблицы "public._protocoltype"
pg_dump: поиск выражений по умолчанию для таблицы "public._protocoltype"
pg_dump: поиск столбцов и типов таблицы "public._refusal"
pg_dump: поиск выражений по умолчанию для таблицы "public._refusal"
pg_dump: поиск столбцов и типов таблицы "public._settings"
pg_dump: поиск выражений по умолчанию для таблицы "public._settings"
pg_dump: поиск столбцов и типов таблицы "public._settingsdatabasegroup"
pg_dump: поиск выражений по умолчанию для таблицы "public._settingsdatabasegroup"
pg_dump: поиск столбцов и типов таблицы "public._settingsdatabaseitem"
pg_dump: поиск выражений по умолчанию для таблицы "public._settingsdatabaseitem"
pg_dump: поиск столбцов и типов таблицы "public._settingsdb"
pg_dump: поиск выражений по умолчанию для таблицы "public._settingsdb"
pg_dump: поиск столбцов и типов таблицы "public._settingsgroup"
pg_dump: поиск выражений по умолчанию для таблицы "public._settingsgroup"
pg_dump: поиск столбцов и типов таблицы "public._sortingtables"
pg_dump: поиск выражений по умолчанию для таблицы "public._sortingtables"
pg_dump: поиск столбцов и типов таблицы "public._storagefiles"
pg_dump: поиск выражений по умолчанию для таблицы "public._storagefiles"
pg_dump: поиск столбцов и типов таблицы "public._storagefilesdir"
pg_dump: поиск выражений по умолчанию для таблицы "public._storagefilesdir"
pg_dump: поиск столбцов и типов таблицы "public._subscribetable"
pg_dump: поиск выражений по умолчанию для таблицы "public._subscribetable"
pg_dump: поиск столбцов и типов таблицы "public._subscribetabletype"
pg_dump: поиск выражений по умолчанию для таблицы "public._subscribetabletype"
pg_dump: поиск столбцов и типов таблицы "public._subsystems"
pg_dump: поиск выражений по умолчанию для таблицы "public._subsystems"
pg_dump: поиск столбцов и типов таблицы "public._systems"
pg_dump: поиск выражений по умолчанию для таблицы "public._systems"
pg_dump: поиск столбцов и типов таблицы "public._task"
pg_dump: поиск выражений по умолчанию для таблицы "public._task"
pg_dump: поиск столбцов и типов таблицы "public._taskchecklist"
pg_dump: поиск выражений по умолчанию для таблицы "public._taskchecklist"
pg_dump: поиск столбцов и типов таблицы "public._taskcomment"
pg_dump: поиск выражений по умолчанию для таблицы "public._taskcomment"
pg_dump: поиск столбцов и типов таблицы "public._taskfile"
pg_dump: поиск выражений по умолчанию для таблицы "public._taskfile"
pg_dump: поиск столбцов и типов таблицы "public._tasklink"
pg_dump: поиск выражений по умолчанию для таблицы "public._tasklink"
pg_dump: поиск столбцов и типов таблицы "public._taskpriority"
pg_dump: поиск выражений по умолчанию для таблицы "public._taskpriority"
pg_dump: поиск столбцов и типов таблицы "public._taskspace"
pg_dump: поиск выражений по умолчанию для таблицы "public._taskspace"
pg_dump: поиск столбцов и типов таблицы "public._taskstatus"
pg_dump: поиск выражений по умолчанию для таблицы "public._taskstatus"
pg_dump: поиск столбцов и типов таблицы "public._taskstatushistory"
pg_dump: поиск выражений по умолчанию для таблицы "public._taskstatushistory"
pg_dump: поиск столбцов и типов таблицы "public._tasktype"
pg_dump: поиск выражений по умолчанию для таблицы "public._tasktype"
pg_dump: поиск столбцов и типов таблицы "public._tcpmessagetype"
pg_dump: поиск выражений по умолчанию для таблицы "public._tcpmessagetype"
pg_dump: поиск столбцов и типов таблицы "public._test"
pg_dump: поиск выражений по умолчанию для таблицы "public._test"
pg_dump: поиск столбцов и типов таблицы "public._userfiltertable"
pg_dump: поиск выражений по умолчанию для таблицы "public._userfiltertable"
pg_dump: поиск столбцов и типов таблицы "public._usergroup"
pg_dump: поиск выражений по умолчанию для таблицы "public._usergroup"
pg_dump: поиск столбцов и типов таблицы "public._users"
pg_dump: поиск выражений по умолчанию для таблицы "public._users"
pg_dump: поиск столбцов и типов таблицы "public._usersettings"
pg_dump: поиск выражений по умолчанию для таблицы "public._usersettings"
pg_dump: поиск столбцов и типов таблицы "public.bank"
pg_dump: поиск выражений по умолчанию для таблицы "public.bank"
pg_dump: поиск столбцов и типов таблицы "public.car"
pg_dump: поиск выражений по умолчанию для таблицы "public.car"
pg_dump: поиск столбцов и типов таблицы "public.carexpenses"
pg_dump: поиск выражений по умолчанию для таблицы "public.carexpenses"
pg_dump: поиск столбцов и типов таблицы "public.coefficient"
pg_dump: поиск выражений по умолчанию для таблицы "public.coefficient"
pg_dump: поиск столбцов и типов таблицы "public.coming"
pg_dump: поиск выражений по умолчанию для таблицы "public.coming"
pg_dump: поиск столбцов и типов таблицы "public.consumption"
pg_dump: поиск выражений по умолчанию для таблицы "public.consumption"
pg_dump: поиск столбцов и типов таблицы "public.consumptiondebit"
pg_dump: поиск выражений по умолчанию для таблицы "public.consumptiondebit"
pg_dump: поиск столбцов и типов таблицы "public.counterparty"
pg_dump: поиск выражений по умолчанию для таблицы "public.counterparty"
pg_dump: поиск столбцов и типов таблицы "public.counterpartyenrollment"
pg_dump: поиск выражений по умолчанию для таблицы "public.counterpartyenrollment"
pg_dump: поиск столбцов и типов таблицы "public.counterpartystatus"
pg_dump: поиск выражений по умолчанию для таблицы "public.counterpartystatus"
pg_dump: поиск столбцов и типов таблицы "public.counterpartytype"
pg_dump: поиск выражений по умолчанию для таблицы "public.counterpartytype"
pg_dump: поиск столбцов и типов таблицы "public.debet1"
pg_dump: поиск выражений по умолчанию для таблицы "public.debet1"
pg_dump: поиск столбцов и типов таблицы "public.debet2"
pg_dump: поиск выражений по умолчанию для таблицы "public.debet2"
pg_dump: поиск столбцов и типов таблицы "public.debet3"
pg_dump: поиск выражений по умолчанию для таблицы "public.debet3"
pg_dump: поиск столбцов и типов таблицы "public.debet4"
pg_dump: поиск выражений по умолчанию для таблицы "public.debet4"
pg_dump: поиск столбцов и типов таблицы "public.debet5"
pg_dump: поиск выражений по умолчанию для таблицы "public.debet5"
pg_dump: поиск столбцов и типов таблицы "public.debettype"
pg_dump: поиск выражений по умолчанию для таблицы "public.debettype"
pg_dump: поиск столбцов и типов таблицы "public.distribution"
pg_dump: поиск выражений по умолчанию для таблицы "public.distribution"
pg_dump: поиск столбцов и типов таблицы "public.driver"
pg_dump: поиск выражений по умолчанию для таблицы "public.driver"
pg_dump: поиск столбцов и типов таблицы "public.driveradvance"
pg_dump: поиск выражений по умолчанию для таблицы "public.driveradvance"
pg_dump: поиск столбцов и типов таблицы "public.drivercost"
pg_dump: поиск выражений по умолчанию для таблицы "public.drivercost"
pg_dump: поиск столбцов и типов таблицы "public.drivercostdetail"
pg_dump: поиск выражений по умолчанию для таблицы "public.drivercostdetail"
pg_dump: поиск столбцов и типов таблицы "public.driverservice"
pg_dump: поиск выражений по умолчанию для таблицы "public.driverservice"
pg_dump: поиск столбцов и типов таблицы "public.drivertype"
pg_dump: поиск выражений по умолчанию для таблицы "public.drivertype"
pg_dump: поиск столбцов и типов таблицы "public.expenses"
pg_dump: поиск выражений по умолчанию для таблицы "public.expenses"
pg_dump: поиск столбцов и типов таблицы "public.expensestype"
pg_dump: поиск выражений по умолчанию для таблицы "public.expensestype"
pg_dump: поиск столбцов и типов таблицы "public.gasstationstatement"
pg_dump: поиск выражений по умолчанию для таблицы "public.gasstationstatement"
pg_dump: поиск столбцов и типов таблицы "public.implementation"
pg_dump: поиск выражений по умолчанию для таблицы "public.implementation"
pg_dump: поиск столбцов и типов таблицы "public.implementationload"
pg_dump: поиск выражений по умолчанию для таблицы "public.implementationload"
pg_dump: поиск столбцов и типов таблицы "public.implementationunload"
pg_dump: поиск выражений по умолчанию для таблицы "public.implementationunload"
pg_dump: поиск столбцов и типов таблицы "public.movewagon"
pg_dump: поиск выражений по умолчанию для таблицы "public.movewagon"
pg_dump: поиск столбцов и типов таблицы "public.movewagondetail"
pg_dump: поиск выражений по умолчанию для таблицы "public.movewagondetail"
pg_dump: поиск столбцов и типов таблицы "public.operationtype"
pg_dump: поиск выражений по умолчанию для таблицы "public.operationtype"
pg_dump: поиск столбцов и типов таблицы "public.operator"
pg_dump: поиск выражений по умолчанию для таблицы "public.operator"
pg_dump: поиск столбцов и типов таблицы "public.paymenttype"
pg_dump: поиск выражений по умолчанию для таблицы "public.paymenttype"
pg_dump: поиск столбцов и типов таблицы "public.producttype"
pg_dump: поиск выражений по умолчанию для таблицы "public.producttype"
pg_dump: поиск столбцов и типов таблицы "public.purchases"
pg_dump: поиск выражений по умолчанию для таблицы "public.purchases"
pg_dump: поиск столбцов и типов таблицы "public.return"
pg_dump: поиск выражений по умолчанию для таблицы "public.return"
pg_dump: поиск столбцов и типов таблицы "public.stock"
pg_dump: поиск выражений по умолчанию для таблицы "public.stock"
pg_dump: поиск столбцов и типов таблицы "public.timesheet"
pg_dump: поиск выражений по умолчанию для таблицы "public.timesheet"
pg_dump: поиск столбцов и типов таблицы "public.timesheettype"
pg_dump: поиск выражений по умолчанию для таблицы "public.timesheettype"
pg_dump: поиск столбцов и типов таблицы "public._currencyhistory"
pg_dump: поиск выражений по умолчанию для таблицы "public._currencyhistory"
pg_dump: поиск столбцов и типов таблицы "public._currencymessage"
pg_dump: поиск выражений по умолчанию для таблицы "public._currencymessage"
pg_dump: поиск столбцов и типов таблицы "public.dictionary"
pg_dump: поиск столбцов и типов таблицы "public.dictionary_new"
pg_dump: пометка наследованных столбцов в подтаблицах
pg_dump: чтение индексов
pg_dump: чтение индексов таблицы "public._asteriskcalls"
pg_dump: чтение индексов таблицы "public._binance"
pg_dump: чтение индексов таблицы "public._blockedrecord"
pg_dump: чтение индексов таблицы "public._calendar"
pg_dump: чтение индексов таблицы "public._colorrecord"
pg_dump: чтение индексов таблицы "public._columnsize"
pg_dump: чтение индексов таблицы "public._currency"
pg_dump: чтение индексов таблицы "public._discussion"
pg_dump: чтение индексов таблицы "public._dispositiontype"
pg_dump: чтение индексов таблицы "public._favorites"
pg_dump: чтение индексов таблицы "public._fias_as_addr_obj"
pg_dump: чтение индексов таблицы "public._fias_as_addr_obj_types"
pg_dump: чтение индексов таблицы "public._fias_as_adm_hierarchy"
pg_dump: чтение индексов таблицы "public._fias_as_apartment_types"
pg_dump: чтение индексов таблицы "public._fias_as_apartments"
pg_dump: чтение индексов таблицы "public._fias_as_house_types"
pg_dump: чтение индексов таблицы "public._fias_as_houses"
pg_dump: чтение индексов таблицы "public._fias_as_object_levels"
pg_dump: чтение индексов таблицы "public._groupaccessspecial"
pg_dump: чтение индексов таблицы "public._groupaccessspecialtype"
pg_dump: чтение индексов таблицы "public._groupaccesssubsystem"
pg_dump: чтение индексов таблицы "public._groupaccesstable"
pg_dump: чтение индексов таблицы "public._groupaccesstabletype"
pg_dump: чтение индексов таблицы "public._internaldirectories"
pg_dump: чтение индексов таблицы "public._lockhistoryip"
pg_dump: чтение индексов таблицы "public._lockhistorytype"
pg_dump: чтение индексов таблицы "public._mail"
pg_dump: чтение индексов таблицы "public._mailcolortype"
pg_dump: чтение индексов таблицы "public._mailfile"
pg_dump: чтение индексов таблицы "public._mailseverity"
pg_dump: чтение индексов таблицы "public._memorywatcher"
pg_dump: чтение индексов таблицы "public._noteobject"
pg_dump: чтение индексов таблицы "public._notify"
pg_dump: чтение индексов таблицы "public._paragraphs"
pg_dump: чтение индексов таблицы "public._protocol"
pg_dump: чтение индексов таблицы "public._protocoltype"
pg_dump: чтение индексов таблицы "public._refusal"
pg_dump: чтение индексов таблицы "public._settings"
pg_dump: чтение индексов таблицы "public._settingsdatabasegroup"
pg_dump: чтение индексов таблицы "public._settingsdatabaseitem"
pg_dump: чтение индексов таблицы "public._settingsdb"
pg_dump: чтение индексов таблицы "public._settingsgroup"
pg_dump: чтение индексов таблицы "public._sortingtables"
pg_dump: чтение индексов таблицы "public._storagefiles"
pg_dump: чтение индексов таблицы "public._storagefilesdir"
pg_dump: чтение индексов таблицы "public._subscribetable"
pg_dump: чтение индексов таблицы "public._subscribetabletype"
pg_dump: чтение индексов таблицы "public._subsystems"
pg_dump: чтение индексов таблицы "public._systems"
pg_dump: чтение индексов таблицы "public._task"
pg_dump: чтение индексов таблицы "public._taskchecklist"
pg_dump: чтение индексов таблицы "public._taskcomment"
pg_dump: чтение индексов таблицы "public._taskfile"
pg_dump: чтение индексов таблицы "public._tasklink"
pg_dump: чтение индексов таблицы "public._taskpriority"
pg_dump: чтение индексов таблицы "public._taskspace"
pg_dump: чтение индексов таблицы "public._taskstatus"
pg_dump: чтение индексов таблицы "public._taskstatushistory"
pg_dump: чтение индексов таблицы "public._tasktype"
pg_dump: чтение индексов таблицы "public._tcpmessagetype"
pg_dump: чтение индексов таблицы "public._test"
pg_dump: чтение индексов таблицы "public._userfiltertable"
pg_dump: чтение индексов таблицы "public._usergroup"
pg_dump: чтение индексов таблицы "public._users"
pg_dump: чтение индексов таблицы "public._usersettings"
pg_dump: чтение индексов таблицы "public.bank"
pg_dump: чтение индексов таблицы "public.car"
pg_dump: чтение индексов таблицы "public.carexpenses"
pg_dump: чтение индексов таблицы "public.coefficient"
pg_dump: чтение индексов таблицы "public.coming"
pg_dump: чтение индексов таблицы "public.consumption"
pg_dump: чтение индексов таблицы "public.consumptiondebit"
pg_dump: чтение индексов таблицы "public.counterparty"
pg_dump: чтение индексов таблицы "public.counterpartyenrollment"
pg_dump: чтение индексов таблицы "public.counterpartystatus"
pg_dump: чтение индексов таблицы "public.counterpartytype"
pg_dump: чтение индексов таблицы "public.debet1"
pg_dump: чтение индексов таблицы "public.debet2"
pg_dump: чтение индексов таблицы "public.debet3"
pg_dump: чтение индексов таблицы "public.debet4"
pg_dump: чтение индексов таблицы "public.debet5"
pg_dump: чтение индексов таблицы "public.debettype"
pg_dump: чтение индексов таблицы "public.distribution"
pg_dump: чтение индексов таблицы "public.driver"
pg_dump: чтение индексов таблицы "public.driveradvance"
pg_dump: чтение индексов таблицы "public.drivercost"
pg_dump: чтение индексов таблицы "public.drivercostdetail"
pg_dump: чтение индексов таблицы "public.driverservice"
pg_dump: чтение индексов таблицы "public.drivertype"
pg_dump: чтение индексов таблицы "public.expenses"
pg_dump: чтение индексов таблицы "public.expensestype"
pg_dump: чтение индексов таблицы "public.gasstationstatement"
pg_dump: чтение индексов таблицы "public.implementation"
pg_dump: чтение индексов таблицы "public.implementationload"
pg_dump: чтение индексов таблицы "public.implementationunload"
pg_dump: чтение индексов таблицы "public.movewagon"
pg_dump: чтение индексов таблицы "public.movewagondetail"
pg_dump: чтение индексов таблицы "public.operationtype"
pg_dump: чтение индексов таблицы "public.operator"
pg_dump: чтение индексов таблицы "public.paymenttype"
pg_dump: чтение индексов таблицы "public.producttype"
pg_dump: чтение индексов таблицы "public.purchases"
pg_dump: чтение индексов таблицы "public.return"
pg_dump: чтение индексов таблицы "public.stock"
pg_dump: чтение индексов таблицы "public.timesheet"
pg_dump: чтение индексов таблицы "public.timesheettype"
pg_dump: чтение индексов таблицы "public._currencyhistory"
pg_dump: чтение индексов таблицы "public._currencymessage"
pg_dump: пометка индексов в секционированных таблицах
pg_dump: чтение расширенной статистики
pg_dump: чтение ограничений
pg_dump: чтение ограничений внешних ключей таблицы "public._asteriskcalls"
pg_dump: чтение ограничений внешних ключей таблицы "public._blockedrecord"
pg_dump: чтение ограничений внешних ключей таблицы "public._calendar"
pg_dump: чтение ограничений внешних ключей таблицы "public._colorrecord"
pg_dump: чтение ограничений внешних ключей таблицы "public._currency"
pg_dump: чтение ограничений внешних ключей таблицы "public._discussion"
pg_dump: чтение ограничений внешних ключей таблицы "public._dispositiontype"
pg_dump: чтение ограничений внешних ключей таблицы "public._favorites"
pg_dump: чтение ограничений внешних ключей таблицы "public._groupaccessspecial"
pg_dump: чтение ограничений внешних ключей таблицы "public._groupaccessspecialtype"
pg_dump: чтение ограничений внешних ключей таблицы "public._groupaccesssubsystem"
pg_dump: чтение ограничений внешних ключей таблицы "public._groupaccesstable"
pg_dump: чтение ограничений внешних ключей таблицы "public._groupaccesstabletype"
pg_dump: чтение ограничений внешних ключей таблицы "public._lockhistoryip"
pg_dump: чтение ограничений внешних ключей таблицы "public._lockhistorytype"
pg_dump: чтение ограничений внешних ключей таблицы "public._mail"
pg_dump: чтение ограничений внешних ключей таблицы "public._mailfile"
pg_dump: чтение ограничений внешних ключей таблицы "public._mailseverity"
pg_dump: чтение ограничений внешних ключей таблицы "public._memorywatcher"
pg_dump: чтение ограничений внешних ключей таблицы "public._notify"
pg_dump: чтение ограничений внешних ключей таблицы "public._protocol"
pg_dump: чтение ограничений внешних ключей таблицы "public._protocoltype"
pg_dump: чтение ограничений внешних ключей таблицы "public._refusal"
pg_dump: чтение ограничений внешних ключей таблицы "public._settings"
pg_dump: чтение ограничений внешних ключей таблицы "public._settingsdatabasegroup"
pg_dump: чтение ограничений внешних ключей таблицы "public._settingsdatabaseitem"
pg_dump: чтение ограничений внешних ключей таблицы "public._settingsgroup"
pg_dump: чтение ограничений внешних ключей таблицы "public._storagefiles"
pg_dump: чтение ограничений внешних ключей таблицы "public._storagefilesdir"
pg_dump: чтение ограничений внешних ключей таблицы "public._subscribetable"
pg_dump: чтение ограничений внешних ключей таблицы "public._subscribetabletype"
pg_dump: чтение ограничений внешних ключей таблицы "public._subsystems"
pg_dump: чтение ограничений внешних ключей таблицы "public._systems"
pg_dump: чтение ограничений внешних ключей таблицы "public._task"
pg_dump: чтение ограничений внешних ключей таблицы "public._taskchecklist"
pg_dump: чтение ограничений внешних ключей таблицы "public._taskcomment"
pg_dump: чтение ограничений внешних ключей таблицы "public._taskfile"
pg_dump: чтение ограничений внешних ключей таблицы "public._tasklink"
pg_dump: чтение ограничений внешних ключей таблицы "public._taskpriority"
pg_dump: чтение ограничений внешних ключей таблицы "public._taskspace"
pg_dump: чтение ограничений внешних ключей таблицы "public._taskstatus"
pg_dump: чтение ограничений внешних ключей таблицы "public._taskstatushistory"
pg_dump: чтение ограничений внешних ключей таблицы "public._tasktype"
pg_dump: чтение ограничений внешних ключей таблицы "public._tcpmessagetype"
pg_dump: чтение ограничений внешних ключей таблицы "public._userfiltertable"
pg_dump: чтение ограничений внешних ключей таблицы "public._usergroup"
pg_dump: чтение ограничений внешних ключей таблицы "public._users"
pg_dump: чтение ограничений внешних ключей таблицы "public._usersettings"
pg_dump: чтение ограничений внешних ключей таблицы "public.car"
pg_dump: чтение ограничений внешних ключей таблицы "public.carexpenses"
pg_dump: чтение ограничений внешних ключей таблицы "public.coming"
pg_dump: чтение ограничений внешних ключей таблицы "public.consumption"
pg_dump: чтение ограничений внешних ключей таблицы "public.consumptiondebit"
pg_dump: чтение ограничений внешних ключей таблицы "public.counterparty"
pg_dump: чтение ограничений внешних ключей таблицы "public.counterpartyenrollment"
pg_dump: чтение ограничений внешних ключей таблицы "public.counterpartystatus"
pg_dump: чтение ограничений внешних ключей таблицы "public.counterpartytype"
pg_dump: чтение ограничений внешних ключей таблицы "public.debet1"
pg_dump: чтение ограничений внешних ключей таблицы "public.debet2"
pg_dump: чтение ограничений внешних ключей таблицы "public.debet3"
pg_dump: чтение ограничений внешних ключей таблицы "public.debet4"
pg_dump: чтение ограничений внешних ключей таблицы "public.debet5"
pg_dump: чтение ограничений внешних ключей таблицы "public.debettype"
pg_dump: чтение ограничений внешних ключей таблицы "public.distribution"
pg_dump: чтение ограничений внешних ключей таблицы "public.driver"
pg_dump: чтение ограничений внешних ключей таблицы "public.driveradvance"
pg_dump: чтение ограничений внешних ключей таблицы "public.drivercost"
pg_dump: чтение ограничений внешних ключей таблицы "public.drivercostdetail"
pg_dump: чтение ограничений внешних ключей таблицы "public.driverservice"
pg_dump: чтение ограничений внешних ключей таблицы "public.drivertype"
pg_dump: чтение ограничений внешних ключей таблицы "public.expenses"
pg_dump: чтение ограничений внешних ключей таблицы "public.expensestype"
pg_dump: чтение ограничений внешних ключей таблицы "public.gasstationstatement"
pg_dump: чтение ограничений внешних ключей таблицы "public.implementation"
pg_dump: чтение ограничений внешних ключей таблицы "public.implementationload"
pg_dump: чтение ограничений внешних ключей таблицы "public.implementationunload"
pg_dump: чтение ограничений внешних ключей таблицы "public.movewagon"
pg_dump: чтение ограничений внешних ключей таблицы "public.movewagondetail"
pg_dump: чтение ограничений внешних ключей таблицы "public.operator"
pg_dump: чтение ограничений внешних ключей таблицы "public.paymenttype"
pg_dump: чтение ограничений внешних ключей таблицы "public.producttype"
pg_dump: чтение ограничений внешних ключей таблицы "public.purchases"
pg_dump: чтение ограничений внешних ключей таблицы "public.return"
pg_dump: чтение ограничений внешних ключей таблицы "public.stock"
pg_dump: чтение ограничений внешних ключей таблицы "public.timesheet"
pg_dump: чтение ограничений внешних ключей таблицы "public.timesheettype"
pg_dump: чтение триггеров
pg_dump: чтение триггеров таблицы "public._asteriskcalls"
pg_dump: чтение триггеров таблицы "public._blockedrecord"
pg_dump: чтение триггеров таблицы "public._calendar"
pg_dump: чтение триггеров таблицы "public._colorrecord"
pg_dump: чтение триггеров таблицы "public._currency"
pg_dump: чтение триггеров таблицы "public._discussion"
pg_dump: чтение триггеров таблицы "public._dispositiontype"
pg_dump: чтение триггеров таблицы "public._favorites"
pg_dump: чтение триггеров таблицы "public._groupaccessspecial"
pg_dump: чтение триггеров таблицы "public._groupaccessspecialtype"
pg_dump: чтение триггеров таблицы "public._groupaccesssubsystem"
pg_dump: чтение триггеров таблицы "public._groupaccesstable"
pg_dump: чтение триггеров таблицы "public._groupaccesstabletype"
pg_dump: чтение триггеров таблицы "public._lockhistoryip"
pg_dump: чтение триггеров таблицы "public._lockhistorytype"
pg_dump: чтение триггеров таблицы "public._mail"
pg_dump: чтение триггеров таблицы "public._mailfile"
pg_dump: чтение триггеров таблицы "public._mailseverity"
pg_dump: чтение триггеров таблицы "public._memorywatcher"
pg_dump: чтение триггеров таблицы "public._notify"
pg_dump: чтение триггеров таблицы "public._protocol"
pg_dump: чтение триггеров таблицы "public._protocoltype"
pg_dump: чтение триггеров таблицы "public._refusal"
pg_dump: чтение триггеров таблицы "public._settings"
pg_dump: чтение триггеров таблицы "public._settingsdatabasegroup"
pg_dump: чтение триггеров таблицы "public._settingsdatabaseitem"
pg_dump: чтение триггеров таблицы "public._settingsgroup"
pg_dump: чтение триггеров таблицы "public._storagefiles"
pg_dump: чтение триггеров таблицы "public._storagefilesdir"
pg_dump: чтение триггеров таблицы "public._subscribetable"
pg_dump: чтение триггеров таблицы "public._subscribetabletype"
pg_dump: чтение триггеров таблицы "public._subsystems"
pg_dump: чтение триггеров таблицы "public._systems"
pg_dump: чтение триггеров таблицы "public._task"
pg_dump: чтение триггеров таблицы "public._taskchecklist"
pg_dump: чтение триггеров таблицы "public._taskcomment"
pg_dump: чтение триггеров таблицы "public._taskfile"
pg_dump: чтение триггеров таблицы "public._tasklink"
pg_dump: чтение триггеров таблицы "public._taskpriority"
pg_dump: чтение триггеров таблицы "public._taskspace"
pg_dump: чтение триггеров таблицы "public._taskstatus"
pg_dump: чтение триггеров таблицы "public._taskstatushistory"
pg_dump: чтение триггеров таблицы "public._tasktype"
pg_dump: чтение триггеров таблицы "public._tcpmessagetype"
pg_dump: чтение триггеров таблицы "public._userfiltertable"
pg_dump: чтение триггеров таблицы "public._usergroup"
pg_dump: чтение триггеров таблицы "public._users"
pg_dump: чтение триггеров таблицы "public._usersettings"
pg_dump: чтение триггеров таблицы "public.car"
pg_dump: чтение триггеров таблицы "public.carexpenses"
pg_dump: чтение триггеров таблицы "public.coming"
pg_dump: чтение триггеров таблицы "public.consumption"
pg_dump: чтение триггеров таблицы "public.consumptiondebit"
pg_dump: чтение триггеров таблицы "public.counterparty"
pg_dump: чтение триггеров таблицы "public.counterpartyenrollment"
pg_dump: чтение триггеров таблицы "public.counterpartystatus"
pg_dump: чтение триггеров таблицы "public.counterpartytype"
pg_dump: чтение триггеров таблицы "public.debet1"
pg_dump: чтение триггеров таблицы "public.debet2"
pg_dump: чтение триггеров таблицы "public.debet3"
pg_dump: чтение триггеров таблицы "public.debet4"
pg_dump: чтение триггеров таблицы "public.debet5"
pg_dump: чтение триггеров таблицы "public.debettype"
pg_dump: чтение триггеров таблицы "public.distribution"
pg_dump: чтение триггеров таблицы "public.driver"
pg_dump: чтение триггеров таблицы "public.driveradvance"
pg_dump: чтение триггеров таблицы "public.drivercost"
pg_dump: чтение триггеров таблицы "public.drivercostdetail"
pg_dump: чтение триггеров таблицы "public.driverservice"
pg_dump: чтение триггеров таблицы "public.drivertype"
pg_dump: чтение триггеров таблицы "public.expenses"
pg_dump: чтение триггеров таблицы "public.expensestype"
pg_dump: чтение триггеров таблицы "public.gasstationstatement"
pg_dump: чтение триггеров таблицы "public.implementation"
pg_dump: чтение триггеров таблицы "public.implementationload"
pg_dump: чтение триггеров таблицы "public.implementationunload"
pg_dump: чтение триггеров таблицы "public.movewagon"
pg_dump: чтение триггеров таблицы "public.movewagondetail"
pg_dump: чтение триггеров таблицы "public.operator"
pg_dump: чтение триггеров таблицы "public.paymenttype"
pg_dump: чтение триггеров таблицы "public.producttype"
pg_dump: чтение триггеров таблицы "public.purchases"
pg_dump: чтение триггеров таблицы "public.return"
pg_dump: чтение триггеров таблицы "public.stock"
pg_dump: чтение триггеров таблицы "public.timesheet"
pg_dump: чтение триггеров таблицы "public.timesheettype"
pg_dump: чтение правил перезаписи
pg_dump: чтение политик
pg_dump: чтение политик защиты на уровне строк
pg_dump: чтение публикаций
pg_dump: чтение участников публикаций
pg_dump: чтение подписок
pg_dump: чтение больших объектов
pg_dump: чтение информации о зависимостях
pg_dump: сохранение кодировки (UTF8)
pg_dump: сохранение standard_conforming_strings (on)
pg_dump: сохранение search_path = 
pg_dump: сохранение определения базы данных

Command: pg_dump.exe --host=127.0.0.1 --port=5432 --username=postgres --format=c --compress=9 --inserts --column-inserts --role=postgres --verbose --file=C:\Shara\backup\oilsphere_db_20240426_200011.dmp oilsphere_db >> C:\Github\docker_deployment\BackuperDB.log 2>&1
Elapsed time: 19.478 msec
DMP file: C:\Shara\backup\oilsphere_db_20240426_200011.dmp
File size: 76.61 MB
===========================================================

